PIF entries: 
[
(token= "int", stPos= -1), 
(token= "id", stPos= 40), 
(token= "=", stPos= -1), 
(token= "const", stPos= 38), 
(token= ";", stPos= -1), 
(token= "int", stPos= -1), 
(token= "id", stPos= 87), 
(token= "=", stPos= -1), 
(token= "const", stPos= 37), 
(token= ";", stPos= -1), 
(token= "int", stPos= -1), 
(token= "id", stPos= 37), 
(token= "=", stPos= -1), 
(token= "const", stPos= 40), 
(token= ";", stPos= -1), 
(token= "int", stPos= -1), 
(token= "id", stPos= 97), 
(token= ";", stPos= -1), 
(token= "if", stPos= -1), 
(token= "(", stPos= -1), 
(token= "id", stPos= 40), 
(token= ">", stPos= -1), 
(token= "id", stPos= 87), 
(token= ")", stPos= -1), 
(token= "{", stPos= -1), 
(token= "id", stPos= 97), 
(token= "=", stPos= -1), 
(token= "id", stPos= 40), 
(token= ";", stPos= -1), 
(token= "}", stPos= -1), 
(token= "else", stPos= -1), 
(token= "{", stPos= -1), 
(token= "id", stPos= 97), 
(token= "=", stPos= -1), 
(token= "id", stPos= 87), 
(token= ";", stPos= -1), 
(token= "}", stPos= -1), 
(token= "if", stPos= -1), 
(token= "(", stPos= -1), 
(token= "id", stPos= 37), 
(token= ">", stPos= -1), 
(token= "id", stPos= 97), 
(token= ")", stPos= -1), 
(token= "{", stPos= -1), 
(token= "id", stPos= 97), 
(token= "=", stPos= -1), 
(token= "id", stPos= 37), 
(token= ";", stPos= -1), 
(token= "}", stPos= -1), 
(token= "print", stPos= -1), 
(token= "(", stPos= -1), 
(token= "id", stPos= 97), 
(token= ")", stPos= -1), 
(token= ";", stPos= -1)]