PIF entries: 
[
(token= "int", stPos= -1), 
(token= "id", stPos= 37), 
(token= "=", stPos= -1), 
(token= "const", stPos= 19), 
(token= ";", stPos= -1), 
(token= "for", stPos= -1), 
(token= "(", stPos= -1), 
(token= "id", stPos= 52), 
(token= "=", stPos= -1), 
(token= "const", stPos= 37), 
(token= ";", stPos= -1), 
(token= "id", stPos= 52), 
(token= "<=", stPos= -1), 
(token= "id", stPos= 37), 
(token= ";", stPos= -1), 
(token= "id", stPos= 52), 
(token= "=", stPos= -1), 
(token= "id", stPos= 52), 
(token= "+", stPos= -1), 
(token= "const", stPos= 38), 
(token= ")", stPos= -1), 
(token= "{", stPos= -1), 
(token= "if", stPos= -1), 
(token= "(", stPos= -1), 
(token= "id", stPos= 37), 
(token= "%", stPos= -1), 
(token= "id", stPos= 52), 
(token= "==", stPos= -1), 
(token= "const", stPos= 43), 
(token= ")", stPos= -1), 
(token= "{", stPos= -1), 
(token= "print", stPos= -1), 
(token= "(", stPos= -1), 
(token= "const", stPos= 975), 
(token= ")", stPos= -1), 
(token= ";", stPos= -1), 
(token= "break", stPos= -1), 
(token= ";", stPos= -1), 
(token= "}", stPos= -1), 
(token= "else", stPos= -1), 
(token= "{", stPos= -1), 
(token= "print", stPos= -1), 
(token= "(", stPos= -1), 
(token= "const", stPos= 871), 
(token= ")", stPos= -1), 
(token= ";", stPos= -1), 
(token= "}", stPos= -1), 
(token= "}", stPos= -1)]