PIF entries: 
[
(token= "int", stPos= -1), 
(token= "id", stPos= 241), 
(token= "=", stPos= -1), 
(token= "[", stPos= -1), 
(token= "const", stPos= 38), 
(token= ",", stPos= -1), 
(token= "const", stPos= 37), 
(token= ",", stPos= -1), 
(token= "const", stPos= 40), 
(token= ",", stPos= -1), 
(token= "const", stPos= 47), 
(token= "]", stPos= -1), 
(token= ";", stPos= -1), 
(token= "int", stPos= -1), 
(token= "id", stPos= 213), 
(token= "=", stPos= -1), 
(token= "const", stPos= 43), 
(token= ";", stPos= -1), 
(token= "for", stPos= -1), 
(token= "(", stPos= -1), 
(token= "int", stPos= -1), 
(token= "id", stPos= 67), 
(token= "in", stPos= -1), 
(token= "id", stPos= 241), 
(token= ")", stPos= -1), 
(token= "{", stPos= -1), 
(token= "id", stPos= 213), 
(token= "=", stPos= -1), 
(token= "id", stPos= 213), 
(token= "+", stPos= -1), 
(token= "id", stPos= 67), 
(token= ";", stPos= -1), 
(token= "}", stPos= -1), 
(token= "print", stPos= -1), 
(token= "(", stPos= -1), 
(token= "id", stPos= 213), 
(token= ")", stPos= -1), 
(token= ";", stPos= -1)]